Arguments: 
  C:\Program Files\nodejs\node.exe C:\Users\赵栩进\AppData\Roaming\npm\node_modules\yarn\bin\yarn.js add babel-plugin-transform-decorators-legacy

PATH: 
  D:\MyDownloads\软件\cmder_mini\bin;D:\MyDownloads\软件\cmder_mini\vendor\bin;D:\MyDownloads\软件\cmder_mini\vendor\conemu-maximus5\ConEmu\Scripts;D:\MyDownloads\软件\cmder_mini\vendor\conemu-maximus5;D:\MyDownloads\软件\cmder_mini\vendor\conemu-maximus5\ConEmu;C:\Windows\system32;C:\Windows;C:\Windows\System32\Wbem;C:\Windows\System32\WindowsPowerShell\v1.0\;C:\Windows\System32\OpenSSH\;C:\Program Files\nodejs\;D:\MyDownloads\Git\cmd;C:\Program Files (x86)\MySQL\MySQL Server 5.5\bin;C:\Users\赵栩进\AppData\Local\Microsoft\WindowsApps;C:\Users\赵栩进\AppData\Local\Programs\Microsoft VS Code\bin;C:\Users\赵栩进\AppData\Roaming\npm;C:\Users\赵栩进\AppData\Local\BypassRuntm;D:\MyDownloads\Git\cmd;D:\MyDownloads\Git\mingw64\bin;D:\MyDownloads\Git\usr\bin;D:\MyDownloads\软件\cmder_mini

Yarn version: 
  1.16.0

Node version: 
  10.16.0

Platform: 
  win32 x64

Trace: 
  Error: ENOENT: no such file or directory, copyfile 'C:\Users\赵栩进\AppData\Local\Yarn\Cache\v4\npm-fast-deep-equal-2.0.1-7b05218ddf9667bf7f370bf7fdb2cb15fdd0aa49\node_modules\fast-deep-equal\index.d.ts' -> 'C:\Users\赵栩进\Desktop\项目练习\project\node_modules\ajv-keywords\node_modules\fast-deep-equal\index.d.ts'

npm manifest: 
  {
    "private": true,
    "scripts": {
      "start": "roadhog server",
      "build": "roadhog build",
      "lint": "eslint --ext .js src test",
      "precommit": "npm run lint"
    },
    "dependencies": {
      "antd": "^3.25.0",
      "babel-plugin-import": "^1.12.2",
      "dva": "^2.4.1",
      "less": "^2.7.3",
      "less-loader": "^5.0.0",
      "react": "^16.2.0",
      "react-dom": "^16.2.0",
      "react-loadable": "^5.5.0",
      "sass-resources-loader": "^2.0.1",
      "tslint-react": "^4.1.0"
    },
    "devDependencies": {
      "@types/react": "^16.9.11",
      "@types/react-dom": "^16.9.3",
      "babel-plugin-dva-hmr": "^0.3.2",
      "eslint": "^4.14.0",
      "eslint-config-umi": "^0.1.1",
      "eslint-plugin-flowtype": "^2.34.1",
      "eslint-plugin-import": "^2.6.0",
      "eslint-plugin-jsx-a11y": "^5.1.1",
      "eslint-plugin-react": "^7.1.0",
      "husky": "^0.12.0",
      "redbox-react": "^1.4.3",
      "roadhog": "^2.5.0-beta.4",
      "ts-lint": "^4.5.1",
      "ts-loader": "^6.2.1"
    }
  }

yarn manifest: 
  No manifest

Lockfile: 
  No lockfile
